[0m13:31:11.523494 [debug] [MainThread]: Sending event: {'category': 'dbt', 'action': 'invocation', 'label': 'start', 'context': [<snowplow_tracker.self_describing_json.SelfDescribingJson object at 0x10932b620>, <snowplow_tracker.self_describing_json.SelfDescribingJson object at 0x10bf45460>, <snowplow_tracker.self_describing_json.SelfDescribingJson object at 0x10bf44bf0>]}


============================== 13:31:11.527127 | cacaf1df-7a1c-433a-b640-12bc04ec2036 ==============================
[0m13:31:11.527127 [info ] [MainThread]: Running with dbt=1.11.11
[0m13:31:11.528012 [debug] [MainThread]: running dbt with arguments {'version_check': 'True', 'log_path': 'logs', 'fail_fast': 'False', 'use_experimental_parser': 'False', 'no_print': 'None', 'quiet': 'False', 'use_colors': 'True', 'log_format': 'default', 'warn_error_options': 'WarnErrorOptionsV2(error=[], warn=[], silence=[])', 'write_json': 'True', 'static_parser': 'True', 'debug': 'False', 'introspect': 'True', 'indirect_selection': 'eager', 'invocation_command': 'dbt init ab_trial', 'send_anonymous_usage_stats': 'True', 'warn_error': 'None', 'empty': 'None', 'printer_width': '80', 'log_cache_events': 'False', 'partial_parse': 'True', 'profiles_dir': '/Users/athul/.dbt', 'cache_selected_only': 'False', 'target_path': 'None'}
[0m13:31:11.540322 [info ] [MainThread]: Creating dbt configuration folder at /Users/athul/.dbt
[0m13:31:11.541379 [debug] [MainThread]: Starter project path: /Users/athul/Documents/Projects/AB_Trial/.venv/lib/python3.12/site-packages/dbt/include/starter_project
[0m13:31:11.545483 [info ] [MainThread]: 
Your new dbt project "ab_trial" was created!

For more information on how to configure the profiles.yml file,
please consult the dbt documentation here:

  https://docs.getdbt.com/docs/configure-your-profile

One more thing:

Need help? Don't hesitate to reach out to us via GitHub issues or on Slack:

  https://community.getdbt.com/

Happy modeling!

[0m13:31:11.545695 [info ] [MainThread]: Setting up your profile.
[0m13:31:19.266100 [debug] [MainThread]: Snowflake adapter: Setting snowflake.connector to ERROR (file logging only)
[0m13:31:19.266384 [debug] [MainThread]: Snowflake adapter: Setting botocore to ERROR (file logging only)
[0m13:31:19.266526 [debug] [MainThread]: Snowflake adapter: Setting boto3 to ERROR (file logging only)
[0m13:33:33.938561 [error] [MainThread]: Encountered an error:

[0m13:33:33.946922 [error] [MainThread]: Traceback (most recent call last):
  File "/Users/athul/Documents/Projects/AB_Trial/.venv/lib/python3.12/site-packages/dbt/cli/requires.py", line 182, in wrapper
    result, success = func(*args, **kwargs)
                      ^^^^^^^^^^^^^^^^^^^^^
  File "/Users/athul/Documents/Projects/AB_Trial/.venv/lib/python3.12/site-packages/dbt/cli/requires.py", line 128, in wrapper
    return func(*args, **kwargs)
           ^^^^^^^^^^^^^^^^^^^^^
  File "/Users/athul/Documents/Projects/AB_Trial/.venv/lib/python3.12/site-packages/dbt/cli/main.py", line 488, in init
    results = task.run()
              ^^^^^^^^^^
  File "/Users/athul/Documents/Projects/AB_Trial/.venv/lib/python3.12/site-packages/dbt/task/init.py", line 346, in run
    self.setup_profile(profile_name)
  File "/Users/athul/Documents/Projects/AB_Trial/.venv/lib/python3.12/site-packages/dbt/task/init.py", line 262, in setup_profile
    self.create_profile_from_target(adapter, profile_name=profile_name)
  File "/Users/athul/Documents/Projects/AB_Trial/.venv/lib/python3.12/site-packages/dbt/task/init.py", line 179, in create_profile_from_target
    self.create_profile_from_profile_template(profile_template, profile_name)
  File "/Users/athul/Documents/Projects/AB_Trial/.venv/lib/python3.12/site-packages/dbt/task/init.py", line 163, in create_profile_from_profile_template
    target = self.generate_target_from_input(prompts, initial_target)
             ^^^^^^^^^^^^^^^^^^^^^^^^^^^^^^^^^^^^^^^^^^^^^^^^^^^^^^^^
  File "/Users/athul/Documents/Projects/AB_Trial/.venv/lib/python3.12/site-packages/dbt/task/init.py", line 129, in generate_target_from_input
    target[key] = click.prompt(
                  ^^^^^^^^^^^^^
  File "/Users/athul/Documents/Projects/AB_Trial/.venv/lib/python3.12/site-packages/click/termui.py", line 218, in prompt
    value = prompt_func(prompt)
            ^^^^^^^^^^^^^^^^^^^
  File "/Users/athul/Documents/Projects/AB_Trial/.venv/lib/python3.12/site-packages/click/termui.py", line 201, in prompt_func
    raise Abort() from None
click.exceptions.Abort

[0m13:33:34.164767 [debug] [MainThread]: Resource report: {"command_name": "init", "command_success": false, "command_wall_clock_time": 142.65903, "process_in_blocks": "0", "process_kernel_time": 0.205788, "process_mem_max_rss": "132120576", "process_out_blocks": "0", "process_user_time": 0.826493}
[0m13:33:34.166071 [debug] [MainThread]: Command `dbt init` failed at 13:33:34.165982 after 142.66 seconds
[0m13:33:34.167157 [debug] [MainThread]: Sending event: {'category': 'dbt', 'action': 'invocation', 'label': 'end', 'context': [<snowplow_tracker.self_describing_json.SelfDescribingJson object at 0x10bf44aa0>, <snowplow_tracker.self_describing_json.SelfDescribingJson object at 0x10c235070>, <snowplow_tracker.self_describing_json.SelfDescribingJson object at 0x10c16e000>]}
[0m13:33:34.167740 [debug] [MainThread]: Flushing usage events
[0m13:33:34.592375 [debug] [MainThread]: An error was encountered while trying to flush usage events
